{
  "stats": {
    "suites": 2,
    "tests": 21,
    "passes": 21,
    "pending": 0,
    "failures": 0,
    "start": "2025-11-06T10:42:50.398Z",
    "end": "2025-11-06T10:42:51.462Z",
    "duration": 1064,
    "testsRegistered": 21,
    "passPercent": 100,
    "pendingPercent": 0,
    "other": 0,
    "hasOther": false,
    "skipped": 0,
    "hasSkipped": false
  },
  "results": [
    {
      "uuid": "48879fe9-40b1-4383-a60a-6e7a9c11f559",
      "title": "",
      "fullFile": "",
      "file": "",
      "beforeHooks": [],
      "afterHooks": [],
      "tests": [],
      "suites": [
        {
          "uuid": "4c6a276a-83e7-4563-8ff2-1957004f43b8",
          "title": "Register Positive Cases",
          "fullFile": "D:\\Data\\Automation\\BioServices API\\Register.js",
          "file": "\\Register.js",
          "beforeHooks": [],
          "afterHooks": [],
          "tests": [
            {
              "title": "Register the Identification User",
              "fullTitle": "Register Positive Cases Register the Identification User",
              "timedOut": false,
              "duration": 97,
              "state": "passed",
              "speed": "slow",
              "pass": true,
              "fail": false,
              "pending": false,
              "context": null,
              "code": "console.log(\"--Registering the Identification User--\")\nregisterResponse = await request (url)\n    .post(\"/api/auth/register\")\n    .set(\"Accept\", \"*/*\")\n    .set(\"Content-Type\", \"application/json\")\n    .send({\n        nik: process.env.NIK_ID_USER,\n        password: process.env.PASSWORD,\n        pin: process.env.PIN,\n        role: Number(process.env.ROLE_ID_USER)\n    });\n/*console.log(\"Status:\", registerResponse.status);\nconsole.log(\"Response body:\", registerResponse.body);\n*/\nexpect(registerResponse.status).to.equal(200);\nexpect(registerResponse.body.message).to.equal('User registered successfully');\nconsole.log(registerResponse.body.message, \"with ID:\", registerResponse.body.data.userId)",
              "err": {},
              "uuid": "cce10e80-c523-46c3-8c79-f03b3a34217d",
              "parentUUID": "4c6a276a-83e7-4563-8ff2-1957004f43b8",
              "isHook": false,
              "skipped": false
            },
            {
              "title": "Register the Verification User",
              "fullTitle": "Register Positive Cases Register the Verification User",
              "timedOut": false,
              "duration": 42,
              "state": "passed",
              "speed": "medium",
              "pass": true,
              "fail": false,
              "pending": false,
              "context": null,
              "code": "console.log(\"--Registering the Verification User--\")\nregisterResponse = await request (url)\n    .post(\"/api/auth/register\")\n    .set(\"Accept\", \"*/*\")\n    .set(\"Content-Type\", \"application/json\")\n    .send({\n        nik: process.env.NIK_VER_USER,\n        password: process.env.PASSWORD,\n        pin: process.env.PIN,\n        role: Number(process.env.ROLE_VER_USER)\n    });\nexpect(registerResponse.status).to.equal(200);\nexpect(registerResponse.body.message).to.equal('User registered successfully');\nconsole.log(registerResponse.body.message, \"with ID:\", registerResponse.body.data.userId)",
              "err": {},
              "uuid": "55f53b23-b92d-486e-9acf-1d9951b9d3d7",
              "parentUUID": "4c6a276a-83e7-4563-8ff2-1957004f43b8",
              "isHook": false,
              "skipped": false
            },
            {
              "title": "Register the Full Access User",
              "fullTitle": "Register Positive Cases Register the Full Access User",
              "timedOut": false,
              "duration": 47,
              "state": "passed",
              "speed": "medium",
              "pass": true,
              "fail": false,
              "pending": false,
              "context": null,
              "code": "console.log(\"--Registering the Full Access User--\")\nregisterResponse = await request (url)\n    .post(\"/api/auth/register\")\n    .set(\"Accept\", \"*/*\")\n    .set(\"Content-Type\", \"application/json\")\n    .send({\n        nik: process.env.NIK_FULL_ACCESS,\n        password: process.env.PASSWORD,\n        pin: process.env.PIN,\n        role: Number(process.env.ROLE_FULL_ACCESS)\n    });\nexpect(registerResponse.status).to.equal(200);\nexpect(registerResponse.body.message).to.equal('User registered successfully');\nconsole.log(registerResponse.body.message, \"with ID:\", registerResponse.body.data.userId)",
              "err": {},
              "uuid": "ab52de14-22d0-4592-80c7-a79158626040",
              "parentUUID": "4c6a276a-83e7-4563-8ff2-1957004f43b8",
              "isHook": false,
              "skipped": false
            },
            {
              "title": "Register the User Manager",
              "fullTitle": "Register Positive Cases Register the User Manager",
              "timedOut": false,
              "duration": 48,
              "state": "passed",
              "speed": "medium",
              "pass": true,
              "fail": false,
              "pending": false,
              "context": null,
              "code": "console.log(\"--Registering the User Manager--\")\nregisterResponse = await request (url)\n    .post(\"/api/auth/register\")\n    .set(\"Accept\", \"*/*\")\n    .set(\"Content-Type\", \"application/json\")\n    .send({\n        nik: process.env.NIK_USER_MNG,\n        password: process.env.PASSWORD,\n        pin: process.env.PIN,\n        role: Number(process.env.ROLE_USER_MNG)\n    });\nexpect(registerResponse.status).to.equal(200);\nexpect(registerResponse.body.message).to.equal('User registered successfully');\nconsole.log(registerResponse.body.message, \"with ID:\", registerResponse.body.data.userId)",
              "err": {},
              "uuid": "052966ea-9a3f-418c-bbea-8884b915c386",
              "parentUUID": "4c6a276a-83e7-4563-8ff2-1957004f43b8",
              "isHook": false,
              "skipped": false
            },
            {
              "title": "Register the Administrator",
              "fullTitle": "Register Positive Cases Register the Administrator",
              "timedOut": false,
              "duration": 52,
              "state": "passed",
              "speed": "medium",
              "pass": true,
              "fail": false,
              "pending": false,
              "context": null,
              "code": "console.log(\"--Registering the Administrator--\")\nregisterResponse = await request (url)\n    .post(\"/api/auth/register\")\n    .set(\"Accept\", \"*/*\")\n    .set(\"Content-Type\", \"application/json\")\n    .send({\n        nik: process.env.NIK_ADM,\n        password: process.env.PASSWORD,\n        pin: process.env.PIN,\n        role: Number(process.env.ROLE_ADM)\n    });\nexpect(registerResponse.status).to.equal(200);\nexpect(registerResponse.body.message).to.equal('User registered successfully');\nconsole.log(registerResponse.body.message, \"with ID:\", registerResponse.body.data.userId)",
              "err": {},
              "uuid": "84afebc1-bfcf-4eee-8de8-b552fff3e8db",
              "parentUUID": "4c6a276a-83e7-4563-8ff2-1957004f43b8",
              "isHook": false,
              "skipped": false
            }
          ],
          "suites": [],
          "passes": [
            "cce10e80-c523-46c3-8c79-f03b3a34217d",
            "55f53b23-b92d-486e-9acf-1d9951b9d3d7",
            "ab52de14-22d0-4592-80c7-a79158626040",
            "052966ea-9a3f-418c-bbea-8884b915c386",
            "84afebc1-bfcf-4eee-8de8-b552fff3e8db"
          ],
          "failures": [],
          "pending": [],
          "skipped": [],
          "duration": 286,
          "root": false,
          "rootEmpty": false,
          "_timeout": 2000
        },
        {
          "uuid": "d711e1be-38bf-4e17-811b-2de2f5f456de",
          "title": "Register Negative Cases",
          "fullFile": "D:\\Data\\Automation\\BioServices API\\Register.js",
          "file": "\\Register.js",
          "beforeHooks": [],
          "afterHooks": [],
          "tests": [
            {
              "title": "Register NIK with Less than 16 Digits",
              "fullTitle": "Register Negative Cases Register NIK with Less than 16 Digits",
              "timedOut": false,
              "duration": 37,
              "state": "passed",
              "speed": "fast",
              "pass": true,
              "fail": false,
              "pending": false,
              "context": null,
              "code": "console.log(\"--Register NIK with Less than 16 Digits--\")\nregisterResponse = await request (url)\n    .post(\"/api/auth/register\")\n    .set(\"Accept\", \"*/*\")\n    .set(\"Content-Type\", \"application/json\")\n    .send({\n        nik: process.env.NIK_UND16,\n        password: process.env.PASSWORD,\n        pin: process.env.PIN,\n        role: Number(process.env.ROLE_ID_USER)\n    });\n//console.log(\"Response body:\", registerResponse.body);\nexpect(registerResponse.status).to.equal(400);\nexpect(registerResponse.body.error.message).to.equal('Validation failed');\nexpect(registerResponse.body.error.details[0].message).to.equal('NIK must be exactly 16 digits');\nexpect(registerResponse.body.error.details[0].code).to.equal('VALIDATION_ERROR');\nconsole.log(\"error on field: \", registerResponse.body.error.details[0].field, \",\", registerResponse.body.error.details[0].message)",
              "err": {},
              "uuid": "6ac860c3-59a2-43b0-8bbc-d1c7c65707a3",
              "parentUUID": "d711e1be-38bf-4e17-811b-2de2f5f456de",
              "isHook": false,
              "skipped": false
            },
            {
              "title": "Register NIK with More than 16 Digits",
              "fullTitle": "Register Negative Cases Register NIK with More than 16 Digits",
              "timedOut": false,
              "duration": 34,
              "state": "passed",
              "speed": "fast",
              "pass": true,
              "fail": false,
              "pending": false,
              "context": null,
              "code": "console.log(\"--Register NIK with More than 16 Digits--\")\nregisterResponse = await request (url)\n    .post(\"/api/auth/register\")\n    .set(\"Accept\", \"*/*\")\n    .set(\"Content-Type\", \"application/json\")\n    .send({\n        nik: process.env.NIK_MORE16,\n        password: process.env.PASSWORD,\n        pin: process.env.PIN,\n        role: Number(process.env.ROLE_ID_USER)\n    });\nexpect(registerResponse.status).to.equal(400);\nexpect(registerResponse.body.error.message).to.equal('Validation failed');\nexpect(registerResponse.body.error.details[0].message).to.equal('NIK must be exactly 16 digits');\nexpect(registerResponse.body.error.details[0].code).to.equal('VALIDATION_ERROR');\nconsole.log(\"error on field: \", registerResponse.body.error.details[0].field, \",\", registerResponse.body.error.details[0].message)",
              "err": {},
              "uuid": "fed93775-7188-4acb-970b-3d325c1e5623",
              "parentUUID": "d711e1be-38bf-4e17-811b-2de2f5f456de",
              "isHook": false,
              "skipped": false
            },
            {
              "title": "Registration with an Invalid (non-existent) NIK",
              "fullTitle": "Register Negative Cases Registration with an Invalid (non-existent) NIK",
              "timedOut": false,
              "duration": 35,
              "state": "passed",
              "speed": "fast",
              "pass": true,
              "fail": false,
              "pending": false,
              "context": null,
              "code": "console.log(\"--Registration with an Invalid (non-existent) NIK--\")\nregisterResponse = await request (url)\n    .post(\"/api/auth/register\")\n    .set(\"Accept\", \"*/*\")\n    .set(\"Content-Type\", \"application/json\")\n    .send({\n        nik: process.env.NIK_INV,\n        password: process.env.PASSWORD,\n        pin: process.env.PIN,\n        role: Number(process.env.ROLE_ID_USER)\n    });\nexpect(registerResponse.status).to.equal(400);\nexpect(registerResponse.body.error.message).to.equal('NIK not found! Cannot register user account.');\nconsole.log(\"error: \",registerResponse.body.error.message)",
              "err": {},
              "uuid": "688c2682-b97b-4434-9041-140af90c812d",
              "parentUUID": "d711e1be-38bf-4e17-811b-2de2f5f456de",
              "isHook": false,
              "skipped": false
            },
            {
              "title": "Register with an already registered NIK",
              "fullTitle": "Register Negative Cases Register with an already registered NIK",
              "timedOut": false,
              "duration": 40,
              "state": "passed",
              "speed": "medium",
              "pass": true,
              "fail": false,
              "pending": false,
              "context": null,
              "code": "console.log(\"--Register with an already registered NIK--\")\nregisterResponse = await request (url)\n    .post(\"/api/auth/register\")\n    .set(\"Accept\", \"*/*\")\n    .set(\"Content-Type\", \"application/json\")\n    .send({\n        nik: process.env.NIK_USER_MNG,\n        password: process.env.PASSWORD,\n        pin: process.env.PIN,\n        role: Number(process.env.ROLE_USER_MNG)\n    });\nexpect(registerResponse.status).to.equal(400);\nexpect(registerResponse.body.error.message).to.equal('User account already exists for this NIK');\nconsole.log(\"error: \",registerResponse.body.error.message)",
              "err": {},
              "uuid": "6c35c39c-0208-4921-888e-e893cc8dc5d9",
              "parentUUID": "d711e1be-38bf-4e17-811b-2de2f5f456de",
              "isHook": false,
              "skipped": false
            },
            {
              "title": "Register an already registered NIK with Different Role",
              "fullTitle": "Register Negative Cases Register an already registered NIK with Different Role",
              "timedOut": false,
              "duration": 32,
              "state": "passed",
              "speed": "fast",
              "pass": true,
              "fail": false,
              "pending": false,
              "context": null,
              "code": "console.log(\"--Register an already registered NIK with Different Role--\")\nregisterResponse = await request (url)\n    .post(\"/api/auth/register\")\n    .set(\"Accept\", \"*/*\")\n    .set(\"Content-Type\", \"application/json\")\n    .send({\n        nik: process.env.NIK_USER_MNG,\n        password: process.env.PASSWORD,\n        pin: process.env.PIN,\n        role: Number(process.env.ROLE_ID_USER)\n    });\nexpect(registerResponse.status).to.equal(400);\nexpect(registerResponse.body.error.message).to.equal('User account already exists for this NIK');\nconsole.log(\"error: \",registerResponse.body.error.message)",
              "err": {},
              "uuid": "d9790d71-7a1f-427f-b887-76fa349d53e7",
              "parentUUID": "d711e1be-38bf-4e17-811b-2de2f5f456de",
              "isHook": false,
              "skipped": false
            },
            {
              "title": "Input Name to NIK Field",
              "fullTitle": "Register Negative Cases Input Name to NIK Field",
              "timedOut": false,
              "duration": 25,
              "state": "passed",
              "speed": "fast",
              "pass": true,
              "fail": false,
              "pending": false,
              "context": null,
              "code": "console.log(\"--Input Name to NIK Field--\")\nregisterResponse = await request (url)\n    .post(\"/api/auth/register\")\n    .set(\"Accept\", \"*/*\")\n    .set(\"Content-Type\", \"application/json\")\n    .send({\n        nik: process.env.NIK_CHAR,\n        password: process.env.PASSWORD,\n        pin: process.env.PIN,\n        role: Number(process.env.ROLE_ID_USER)\n    });\nexpect(registerResponse.status).to.equal(400);\nexpect(registerResponse.body.error.message).to.equal('Validation failed');\nexpect(registerResponse.body.error.details[0].message).to.equal('NIK must be exactly 16 digits');\nexpect(registerResponse.body.error.details[0].code).to.equal('VALIDATION_ERROR');\nconsole.log(\"error on field: \", registerResponse.body.error.details[0].field, \",\", registerResponse.body.error.details[0].message)",
              "err": {},
              "uuid": "4f63b5fb-5f38-4205-b8f9-f23b6310c889",
              "parentUUID": "d711e1be-38bf-4e17-811b-2de2f5f456de",
              "isHook": false,
              "skipped": false
            },
            {
              "title": "Register with Short Password",
              "fullTitle": "Register Negative Cases Register with Short Password",
              "timedOut": false,
              "duration": 23,
              "state": "passed",
              "speed": "fast",
              "pass": true,
              "fail": false,
              "pending": false,
              "context": null,
              "code": "console.log(\"--Register with Short Password--\")\nregisterResponse = await request (url)\n    .post(\"/api/auth/register\")\n    .set(\"Accept\", \"*/*\")\n    .set(\"Content-Type\", \"application/json\")\n    .send({\n        nik: process.env.NIK_VALID,\n        password: process.env.PASS_SHORT,\n        pin: process.env.PIN,\n        role: Number(process.env.ROLE_ID_USER)\n    });\nexpect(registerResponse.status).to.equal(400);\nexpect(registerResponse.body.error.message).to.equal('Validation failed');\nexpect(registerResponse.body.error.details[0].message).to.equal('Password must be at least 8 characters long');\nexpect(registerResponse.body.error.details[0].code).to.equal('VALIDATION_ERROR');\nconsole.log(\"error on field: \", registerResponse.body.error.details[0].field, \",\", registerResponse.body.error.details[0].message)",
              "err": {},
              "uuid": "e54041fc-50c1-4631-8b84-6eed953502cc",
              "parentUUID": "d711e1be-38bf-4e17-811b-2de2f5f456de",
              "isHook": false,
              "skipped": false
            },
            {
              "title": "Password without Uppercase Letter ",
              "fullTitle": "Register Negative Cases Password without Uppercase Letter ",
              "timedOut": false,
              "duration": 29,
              "state": "passed",
              "speed": "fast",
              "pass": true,
              "fail": false,
              "pending": false,
              "context": null,
              "code": "console.log(\"--Password without Uppercase Letter--\")\nregisterResponse = await request (url)\n    .post(\"/api/auth/register\")\n    .set(\"Accept\", \"*/*\")\n    .set(\"Content-Type\", \"application/json\")\n    .send({\n        nik: process.env.NIK_VALID,\n        password: process.env.PASS_WO_UPPERCASE,\n        pin: process.env.PIN,\n        role: Number(process.env.ROLE_ID_USER)\n    });\nexpect(registerResponse.status).to.equal(400);\nexpect(registerResponse.body.error.message).to.equal('Validation failed');\nexpect(registerResponse.body.error.details[0].message).to.equal('Password must contain at least one uppercase letter, one lowercase letter, one number, and one special character');\nexpect(registerResponse.body.error.details[0].code).to.equal('VALIDATION_ERROR');\nconsole.log(\"error on field: \", registerResponse.body.error.details[0].field, \",\", registerResponse.body.error.details[0].message)",
              "err": {},
              "uuid": "22af7249-3973-4471-b13f-09572ae50b78",
              "parentUUID": "d711e1be-38bf-4e17-811b-2de2f5f456de",
              "isHook": false,
              "skipped": false
            },
            {
              "title": "Password without Lowercase Letter ",
              "fullTitle": "Register Negative Cases Password without Lowercase Letter ",
              "timedOut": false,
              "duration": 27,
              "state": "passed",
              "speed": "fast",
              "pass": true,
              "fail": false,
              "pending": false,
              "context": null,
              "code": "console.log(\"--Password without Lowercase Letter--\")\nregisterResponse = await request (url)\n    .post(\"/api/auth/register\")\n    .set(\"Accept\", \"*/*\")\n    .set(\"Content-Type\", \"application/json\")\n    .send({\n        nik: process.env.NIK_VALID,\n        password: process.env.PASS_WO_LOWERCASE,\n        pin: process.env.PIN,\n        role: Number(process.env.ROLE_ID_USER)\n    });\nexpect(registerResponse.status).to.equal(400);\nexpect(registerResponse.body.error.message).to.equal('Validation failed');\nexpect(registerResponse.body.error.details[0].message).to.equal('Password must contain at least one uppercase letter, one lowercase letter, one number, and one special character');\nexpect(registerResponse.body.error.details[0].code).to.equal('VALIDATION_ERROR');\nconsole.log(\"error on field: \", registerResponse.body.error.details[0].field, \",\", registerResponse.body.error.details[0].message)",
              "err": {},
              "uuid": "1819eb92-db87-4c2f-8dd6-58cdc9bcb916",
              "parentUUID": "d711e1be-38bf-4e17-811b-2de2f5f456de",
              "isHook": false,
              "skipped": false
            },
            {
              "title": "Password without Number",
              "fullTitle": "Register Negative Cases Password without Number",
              "timedOut": false,
              "duration": 23,
              "state": "passed",
              "speed": "fast",
              "pass": true,
              "fail": false,
              "pending": false,
              "context": null,
              "code": "console.log(\"--Password without Lowercase Letter--\")\nregisterResponse = await request (url)\n    .post(\"/api/auth/register\")\n    .set(\"Accept\", \"*/*\")\n    .set(\"Content-Type\", \"application/json\")\n    .send({\n        nik: process.env.NIK_VALID,\n        password: process.env.PASS_WO_NUMBER,\n        pin: process.env.PIN,\n        role: Number(process.env.ROLE_ID_USER)\n    });\nexpect(registerResponse.status).to.equal(400);\nexpect(registerResponse.body.error.message).to.equal('Validation failed');\nexpect(registerResponse.body.error.details[0].message).to.equal('Password must contain at least one uppercase letter, one lowercase letter, one number, and one special character');\nexpect(registerResponse.body.error.details[0].code).to.equal('VALIDATION_ERROR');\nconsole.log(\"error on field: \", registerResponse.body.error.details[0].field, \",\", registerResponse.body.error.details[0].message)",
              "err": {},
              "uuid": "dafdd2a6-26f4-4da1-be4c-aa986d8b8601",
              "parentUUID": "d711e1be-38bf-4e17-811b-2de2f5f456de",
              "isHook": false,
              "skipped": false
            },
            {
              "title": "Password without Special Character",
              "fullTitle": "Register Negative Cases Password without Special Character",
              "timedOut": false,
              "duration": 252,
              "state": "passed",
              "speed": "slow",
              "pass": true,
              "fail": false,
              "pending": false,
              "context": null,
              "code": "console.log(\"--Password without Special Character--\")\nregisterResponse = await request (url)\n    .post(\"/api/auth/register\")\n    .set(\"Accept\", \"*/*\")\n    .set(\"Content-Type\", \"application/json\")\n    .send({\n        nik: process.env.NIK_VALID,\n        password: process.env.PASS_WO_SPECCHAR,\n        pin: process.env.PIN,\n        role: Number(process.env.ROLE_ID_USER)\n    });\nexpect(registerResponse.status).to.equal(400);\nexpect(registerResponse.body.error.message).to.equal('Validation failed');\nexpect(registerResponse.body.error.details[0].message).to.equal('Password must contain at least one uppercase letter, one lowercase letter, one number, and one special character');\nexpect(registerResponse.body.error.details[0].code).to.equal('VALIDATION_ERROR');\nconsole.log(\"error on field: \", registerResponse.body.error.details[0].field, \",\", registerResponse.body.error.details[0].message)",
              "err": {},
              "uuid": "41fae7e1-9a34-4031-96ed-8ba2e1589b3d",
              "parentUUID": "d711e1be-38bf-4e17-811b-2de2f5f456de",
              "isHook": false,
              "skipped": false
            },
            {
              "title": "Register with Short PIN",
              "fullTitle": "Register Negative Cases Register with Short PIN",
              "timedOut": false,
              "duration": 37,
              "state": "passed",
              "speed": "fast",
              "pass": true,
              "fail": false,
              "pending": false,
              "context": null,
              "code": "console.log(\"--Register with Short PIN--\")\nregisterResponse = await request (url)\n    .post(\"/api/auth/register\")\n    .set(\"Accept\", \"*/*\")\n    .set(\"Content-Type\", \"application/json\")\n    .send({\n        nik: process.env.NIK_VALID,\n        password: process.env.PASSWORD,\n        pin: process.env.PIN_SHORT,\n        role: Number(process.env.ROLE_ID_USER)\n    });\nexpect(registerResponse.status).to.equal(400);\nexpect(registerResponse.body.error.message).to.equal('Validation failed');\nexpect(registerResponse.body.error.details[0].message).to.equal('PIN must be exactly 6 digits when provided');\nexpect(registerResponse.body.error.details[0].code).to.equal('VALIDATION_ERROR');\nconsole.log(\"error on field: \", registerResponse.body.error.details[0].field, \",\", registerResponse.body.error.details[0].message)",
              "err": {},
              "uuid": "696f3356-2bb7-45d6-85b6-33e0a95f7f5d",
              "parentUUID": "d711e1be-38bf-4e17-811b-2de2f5f456de",
              "isHook": false,
              "skipped": false
            },
            {
              "title": "Register with Long PIN",
              "fullTitle": "Register Negative Cases Register with Long PIN",
              "timedOut": false,
              "duration": 33,
              "state": "passed",
              "speed": "fast",
              "pass": true,
              "fail": false,
              "pending": false,
              "context": null,
              "code": "console.log(\"--Register with Long PIN--\")\nregisterResponse = await request (url)\n    .post(\"/api/auth/register\")\n    .set(\"Accept\", \"*/*\")\n    .set(\"Content-Type\", \"application/json\")\n    .send({\n        nik: process.env.NIK_VALID,\n        password: process.env.PASSWORD,\n        pin: process.env.PIN_LONG,\n        role: Number(process.env.ROLE_ID_USER)\n    });\nexpect(registerResponse.status).to.equal(400);\nexpect(registerResponse.body.error.message).to.equal('Validation failed');\nexpect(registerResponse.body.error.details[0].message).to.equal('PIN must be exactly 6 digits when provided');\nexpect(registerResponse.body.error.details[0].code).to.equal('VALIDATION_ERROR');\nconsole.log(\"error on field: \", registerResponse.body.error.details[0].field, \",\", registerResponse.body.error.details[0].message)",
              "err": {},
              "uuid": "c78a6a18-1c20-4441-acf7-5b688575ba2c",
              "parentUUID": "d711e1be-38bf-4e17-811b-2de2f5f456de",
              "isHook": false,
              "skipped": false
            },
            {
              "title": "Input PIN with Alphabet Character",
              "fullTitle": "Register Negative Cases Input PIN with Alphabet Character",
              "timedOut": false,
              "duration": 32,
              "state": "passed",
              "speed": "fast",
              "pass": true,
              "fail": false,
              "pending": false,
              "context": null,
              "code": "console.log(\"--Input PIN with Alphabet Character--\")\nregisterResponse = await request (url)\n    .post(\"/api/auth/register\")\n    .set(\"Accept\", \"*/*\")\n    .set(\"Content-Type\", \"application/json\")\n    .send({\n        nik: process.env.NIK_VALID,\n        password: process.env.PASSWORD,\n        pin: process.env.PIN_CHAR,\n        role: Number(process.env.ROLE_ID_USER)\n    });\nexpect(registerResponse.status).to.equal(400);\nexpect(registerResponse.body.error.message).to.equal('Validation failed');\nexpect(registerResponse.body.error.details[0].message).to.equal('PIN must be exactly 6 digits when provided');\nexpect(registerResponse.body.error.details[0].code).to.equal('VALIDATION_ERROR');\nconsole.log(\"error on field: \", registerResponse.body.error.details[0].field, \",\", registerResponse.body.error.details[0].message)",
              "err": {},
              "uuid": "bf3e0160-9c50-45b7-9054-8f170a11c103",
              "parentUUID": "d711e1be-38bf-4e17-811b-2de2f5f456de",
              "isHook": false,
              "skipped": false
            },
            {
              "title": "Input PIN with Special Character",
              "fullTitle": "Register Negative Cases Input PIN with Special Character",
              "timedOut": false,
              "duration": 35,
              "state": "passed",
              "speed": "fast",
              "pass": true,
              "fail": false,
              "pending": false,
              "context": null,
              "code": "console.log(\"--Input PIN with Special Character--\")\nregisterResponse = await request (url)\n    .post(\"/api/auth/register\")\n    .set(\"Accept\", \"*/*\")\n    .set(\"Content-Type\", \"application/json\")\n    .send({\n        nik: process.env.NIK_VALID,\n        password: process.env.PASSWORD,\n        pin: process.env.PIN_SP_CHAR,\n        role: Number(process.env.ROLE_ID_USER)\n    });\nexpect(registerResponse.status).to.equal(400);\nexpect(registerResponse.body.error.message).to.equal('Validation failed');\nexpect(registerResponse.body.error.details[0].message).to.equal('PIN must be exactly 6 digits when provided');\nexpect(registerResponse.body.error.details[0].code).to.equal('VALIDATION_ERROR');\nconsole.log(\"error on field: \", registerResponse.body.error.details[0].field, \",\", registerResponse.body.error.details[0].message)",
              "err": {},
              "uuid": "f35a022a-5000-4a6e-a055-32504f3512ee",
              "parentUUID": "d711e1be-38bf-4e17-811b-2de2f5f456de",
              "isHook": false,
              "skipped": false
            },
            {
              "title": "Register with Invalid Role",
              "fullTitle": "Register Negative Cases Register with Invalid Role",
              "timedOut": false,
              "duration": 55,
              "state": "passed",
              "speed": "medium",
              "pass": true,
              "fail": false,
              "pending": false,
              "context": null,
              "code": "console.log(\"--Register with Invalid Role--\")\nregisterResponse = await request (url)\n    .post(\"/api/auth/register\")\n    .set(\"Accept\", \"*/*\")\n    .set(\"Content-Type\", \"application/json\")\n    .send({\n        nik: process.env.NIK_VALID,\n        password: process.env.PASSWORD,\n        pin: process.env.PIN,\n        role: Number(process.env.INV_ROLE)\n    });\nexpect(registerResponse.status).to.equal(400);\nexpect(registerResponse.body.error.message).to.equal('Registration failed: An error occurred while saving the entity changes. See the inner exception for details.');\nconsole.log(registerResponse.body.error.message);",
              "err": {},
              "uuid": "ede4cf4c-5525-4610-b658-b35eb67e508e",
              "parentUUID": "d711e1be-38bf-4e17-811b-2de2f5f456de",
              "isHook": false,
              "skipped": false
            }
          ],
          "suites": [],
          "passes": [
            "6ac860c3-59a2-43b0-8bbc-d1c7c65707a3",
            "fed93775-7188-4acb-970b-3d325c1e5623",
            "688c2682-b97b-4434-9041-140af90c812d",
            "6c35c39c-0208-4921-888e-e893cc8dc5d9",
            "d9790d71-7a1f-427f-b887-76fa349d53e7",
            "4f63b5fb-5f38-4205-b8f9-f23b6310c889",
            "e54041fc-50c1-4631-8b84-6eed953502cc",
            "22af7249-3973-4471-b13f-09572ae50b78",
            "1819eb92-db87-4c2f-8dd6-58cdc9bcb916",
            "dafdd2a6-26f4-4da1-be4c-aa986d8b8601",
            "41fae7e1-9a34-4031-96ed-8ba2e1589b3d",
            "696f3356-2bb7-45d6-85b6-33e0a95f7f5d",
            "c78a6a18-1c20-4441-acf7-5b688575ba2c",
            "bf3e0160-9c50-45b7-9054-8f170a11c103",
            "f35a022a-5000-4a6e-a055-32504f3512ee",
            "ede4cf4c-5525-4610-b658-b35eb67e508e"
          ],
          "failures": [],
          "pending": [],
          "skipped": [],
          "duration": 749,
          "root": false,
          "rootEmpty": false,
          "_timeout": 2000
        }
      ],
      "passes": [],
      "failures": [],
      "pending": [],
      "skipped": [],
      "duration": 0,
      "root": true,
      "rootEmpty": true,
      "_timeout": 2000
    }
  ],
  "meta": {
    "mocha": {
      "version": "11.7.5"
    },
    "mochawesome": {
      "options": {
        "quiet": false,
        "reportFilename": "mochawesome",
        "saveHtml": true,
        "saveJson": true,
        "consoleReporter": "spec",
        "useInlineDiffs": false,
        "code": true
      },
      "version": "7.1.4"
    },
    "marge": {
      "options": null,
      "version": "6.3.2"
    }
  }
}